<?xml version="1.0" encoding="UTF-8"?>
<testsuites name="Manipulation of quantity, weight, number of items and items" time="103.933" tests="7" failures="0" errors="0">
   <testsuite name="Manipulation of quantity, weight, number of items and items" tests="7" failures="0" errors="0" time="103.933" timestamp="2019-11-01 12:09:43" hostname="Bojana-PC - BOJANA" id="Test Suites/Manipulation of quantity, weight, number of items and items">
      <properties>
         <property name="deviceName" value=""/>
         <property name="devicePlatform" value=""/>
         <property name="logFolder" value="C:\\Users\\Bojana-PC\\git\\Katalon_studio\\Reports\\20191101_120935\\Manipulation of quantity, weight, number of items and items\\20191101_120935"/>
         <property name="logFiles" value="C:\\Users\\Bojana-PC\\git\\Katalon_studio\\Reports\\20191101_120935\\Manipulation of quantity, weight, number of items and items\\20191101_120935\\execution0.log"/>
         <property name="attachments" value=""/>
         <property name="hostName" value="Bojana-PC - BOJANA"/>
         <property name="os" value="Windows 10 64bit"/>
         <property name="katalonVersion" value="7.0.3.1"/>
         <property name="browser" value="Chrome 78.0.3904.87"/>
         <property name="hostAddress" value="192.168.56.1"/>
         <property name="sessionId" value="05c985fc46dcb7e90619e7306136f476"/>
         <property name="seleniumVersion" value="3.141.59"/>
         <property name="proxyInformation" value="ProxyInformation{proxyOption=NO_PROXY, proxyServerType=HTTP, password=, proxyServerAddress=, proxyServerPort=0}"/>
         <property name="platform" value="Windows 10"/>
      </properties>
      <testcase name="Test Cases/Dutchie/Change quantity of product before adding it to the cart" time="28.605" classname="Test Cases/Dutchie/Change quantity of product before adding it to the cart" status="PASSED">
         <system-out><![CDATA[2019-11-01 12:09:43 - [TEST_CASE][PASSED] - Test Cases/Dutchie/Change quantity of product before adding it to the cart: Test Cases/Dutchie/Change quantity of product before adding it to the cart

2019-11-01 12:09:44 - [TEST_STEP][PASSED] - callTestCase(findTestCase("Dutchie/Open Blooming Deals dispensary"), [:], STOP_ON_FAILURE): Call Test Case 'Test Cases/Dutchie/Open Blooming Deals dispensary' successfully

2019-11-01 12:09:44 - [TEST_CASE][PASSED] - Test Cases/Dutchie/Open Blooming Deals dispensary: Test Cases/Dutchie/Open Blooming Deals dispensary

2019-11-01 12:09:44 - [TEST_STEP][PASSED] - callTestCase(findTestCase("Dutchie/Open Dutchie homepage"), [:], STOP_ON_FAILURE): Call Test Case 'Test Cases/Dutchie/Open Dutchie homepage' successfully

2019-11-01 12:09:45 - [TEST_CASE][PASSED] - Test Cases/Dutchie/Open Dutchie homepage: Test Cases/Dutchie/Open Dutchie homepage

2019-11-01 12:09:45 - [TEST_STEP][PASSED] - openBrowser("https://qa.dutchie.dev/home"): Browser is opened with url: 'https://qa.dutchie.dev/home'

2019-11-01 12:09:45 - [MESSAGE][INFO] - Starting 'Chrome' driver

2019-11-01 12:09:45 - [MESSAGE][INFO] - Action delay is set to 0 seconds

2019-11-01 12:09:55 - [MESSAGE][PASSED] - Browser is opened with url: 'https://qa.dutchie.dev/home'

2019-11-01 12:09:55 - [TEST_STEP][PASSED] - maximizeWindow(): Current window maximized

2019-11-01 12:09:59 - [MESSAGE][PASSED] - Current window maximized

2019-11-01 12:09:59 - [TEST_STEP][NOT_RUN] - verifyElementPresent(findTestObject("Dutchie/Homepage/searchBar"), 10): NOT_RUN: verifyElementPresent(findTestObject("Dutchie/Homepage/searchBar"), 10)

2019-11-01 12:09:59 - [MESSAGE][NOT_RUN] - NOT_RUN: verifyElementPresent(findTestObject("Dutchie/Homepage/searchBar"), 10)

2019-11-01 12:09:59 - [TEST_STEP][NOT_RUN] - closeBrowser(): NOT_RUN: closeBrowser()

2019-11-01 12:09:59 - [MESSAGE][NOT_RUN] - NOT_RUN: closeBrowser()

2019-11-01 12:09:59 - [MESSAGE][PASSED] - Call Test Case 'Test Cases/Dutchie/Open Dutchie homepage' successfully

2019-11-01 12:09:59 - [TEST_STEP][PASSED] - scrollToElement(findTestObject("Dutchie/Homepage/BloomingDealsLink"), 0): Scroll to object 'Object Repository/Dutchie/Homepage/BloomingDealsLink' successfully

2019-11-01 12:09:59 - [MESSAGE][WARNING] - Timeout '0' is invalid. Using default page load timeout: '30'

2019-11-01 12:10:00 - [MESSAGE][PASSED] - Scroll to object 'Object Repository/Dutchie/Homepage/BloomingDealsLink' successfully

2019-11-01 12:10:00 - [TEST_STEP][PASSED] - click(findTestObject("Dutchie/Homepage/BloomingDealsLink")): Object: 'Object Repository/Dutchie/Homepage/BloomingDealsLink' is clicked on

2019-11-01 12:10:01 - [MESSAGE][PASSED] - Object: 'Object Repository/Dutchie/Homepage/BloomingDealsLink' is clicked on

2019-11-01 12:10:01 - [TEST_STEP][PASSED] - waitForPageLoad(5): Wait for page load successfully

2019-11-01 12:10:01 - [MESSAGE][PASSED] - Wait for page load successfully

2019-11-01 12:10:01 - [MESSAGE][PASSED] - Call Test Case 'Test Cases/Dutchie/Open Blooming Deals dispensary' successfully

2019-11-01 12:10:01 - [TEST_STEP][PASSED] - click(findTestObject("Dutchie/Dispensary page/CannabisNationCherryChem")): Object: 'Object Repository/Dutchie/Dispensary page/CannabisNationCherryChem' is clicked on

2019-11-01 12:10:04 - [MESSAGE][PASSED] - Object: 'Object Repository/Dutchie/Dispensary page/CannabisNationCherryChem' is clicked on

2019-11-01 12:10:04 - [TEST_STEP][PASSED] - switchToDefaultContent(): null

2019-11-01 12:10:04 - [TEST_STEP][PASSED] - click(findTestObject("Dutchie/Product modal/SelectQuantity")): Object: 'Object Repository/Dutchie/Product modal/SelectQuantity' is clicked on

2019-11-01 12:10:05 - [MESSAGE][PASSED] - Object: 'Object Repository/Dutchie/Product modal/SelectQuantity' is clicked on

2019-11-01 12:10:05 - [TEST_STEP][PASSED] - scrollToElement(findTestObject("Dutchie/Product modal/10 items"), 2): Scroll to object 'Object Repository/Dutchie/Product modal/10 items' successfully

2019-11-01 12:10:05 - [MESSAGE][PASSED] - Scroll to object 'Object Repository/Dutchie/Product modal/10 items' successfully

2019-11-01 12:10:05 - [TEST_STEP][PASSED] - delay(2): Delayed 2 second(s)

2019-11-01 12:10:07 - [MESSAGE][PASSED] - Delayed 2 second(s)

2019-11-01 12:10:07 - [TEST_STEP][PASSED] - click(findTestObject("Dutchie/Product modal/10 items")): Object: 'Object Repository/Dutchie/Product modal/10 items' is clicked on

2019-11-01 12:10:07 - [MESSAGE][PASSED] - Object: 'Object Repository/Dutchie/Product modal/10 items' is clicked on

2019-11-01 12:10:07 - [TEST_STEP][PASSED] - delay(2): Delayed 2 second(s)

2019-11-01 12:10:09 - [MESSAGE][PASSED] - Delayed 2 second(s)

2019-11-01 12:10:09 - [TEST_STEP][PASSED] - click(findTestObject("Dutchie/Product modal/AddToCart_xpath")): Object: 'Object Repository/Dutchie/Product modal/AddToCart_xpath' is clicked on

2019-11-01 12:10:10 - [MESSAGE][PASSED] - Object: 'Object Repository/Dutchie/Product modal/AddToCart_xpath' is clicked on

2019-11-01 12:10:10 - [TEST_STEP][PASSED] - switchToDefaultContent(): null

2019-11-01 12:10:10 - [TEST_STEP][PASSED] - click(findTestObject("Dutchie/Delivery-pickup modal/Pickup")): Object: 'Object Repository/Dutchie/Delivery-pickup modal/Pickup' is clicked on

2019-11-01 12:10:11 - [MESSAGE][PASSED] - Object: 'Object Repository/Dutchie/Delivery-pickup modal/Pickup' is clicked on

2019-11-01 12:10:11 - [TEST_STEP][PASSED] - verifyTextPresent("Qty: 10 - $72.00", false): Text 'Qty: 10 - $72.00' is present on page 

2019-11-01 12:10:12 - [MESSAGE][PASSED] - Text 'Qty: 10 - $72.00' is present on page]]></system-out>
         <system-err><![CDATA[]]></system-err>
      </testcase>
      <testcase name="Test Cases/Dutchie/Remove item from basket" time="7.614" classname="Test Cases/Dutchie/Remove item from basket" status="PASSED">
         <system-out><![CDATA[2019-11-01 12:10:12 - [TEST_CASE][PASSED] - Test Cases/Dutchie/Remove item from basket: Test Cases/Dutchie/Remove item from basket

2019-11-01 12:10:12 - [TEST_STEP][NOT_RUN] - callTestCase(findTestCase("Dutchie/Change weight of item before adding it to the cart"), [:], STOP_ON_FAILURE): NOT_RUN: callTestCase(findTestCase("Dutchie/Change weight of item before adding it to the cart"), [:], STOP_ON_FAILURE)

2019-11-01 12:10:12 - [MESSAGE][NOT_RUN] - NOT_RUN: callTestCase(findTestCase("Dutchie/Change weight of item before adding it to the cart"), [:], STOP_ON_FAILURE)

2019-11-01 12:10:12 - [TEST_STEP][PASSED] - click(findTestObject("Dutchie/Dispensary page/BasketContent")): Object: 'Object Repository/Dutchie/Dispensary page/BasketContent' is clicked on

2019-11-01 12:10:13 - [MESSAGE][PASSED] - Object: 'Object Repository/Dutchie/Dispensary page/BasketContent' is clicked on

2019-11-01 12:10:13 - [TEST_STEP][PASSED] - delay(2): Delayed 2 second(s)

2019-11-01 12:10:15 - [MESSAGE][PASSED] - Delayed 2 second(s)

2019-11-01 12:10:15 - [TEST_STEP][PASSED] - click(findTestObject("Dutchie/Shopping cart modal/RemoveIcon")): Object: 'Object Repository/Dutchie/Shopping cart modal/RemoveIcon' is clicked on

2019-11-01 12:10:15 - [MESSAGE][PASSED] - Object: 'Object Repository/Dutchie/Shopping cart modal/RemoveIcon' is clicked on

2019-11-01 12:10:15 - [TEST_STEP][PASSED] - verifyTextPresent("Your cart is empty", false): Text 'Your cart is empty' is present on page 

2019-11-01 12:10:16 - [MESSAGE][PASSED] - Text 'Your cart is empty' is present on page 

2019-11-01 12:10:16 - [TEST_STEP][PASSED] - click(findTestObject("Dutchie/Shopping cart modal/Close")): Object: 'Object Repository/Dutchie/Shopping cart modal/Close' is clicked on

2019-11-01 12:10:17 - [MESSAGE][PASSED] - Object: 'Object Repository/Dutchie/Shopping cart modal/Close' is clicked on

2019-11-01 12:10:17 - [TEST_STEP][PASSED] - delay(2): Delayed 2 second(s)

2019-11-01 12:10:19 - [MESSAGE][PASSED] - Delayed 2 second(s)

2019-11-01 12:10:19 - [TEST_STEP][PASSED] - verifyElementText(findTestObject("Dutchie/Dispensary page/EmptyCart"), "0"): Actual text and expected text of test object 'Object Repository/Dutchie/Dispensary page/EmptyCart' are matched.

2019-11-01 12:10:19 - [MESSAGE][PASSED] - Actual text and expected text of test object 'Object Repository/Dutchie/Dispensary page/EmptyCart' are matched.

2019-11-01 12:10:19 - [TEST_STEP][PASSED] - click(findTestObject("Dutchie/Dispensary page/DutchieLogo")): Object: 'Object Repository/Dutchie/Dispensary page/DutchieLogo' is clicked on

2019-11-01 12:10:19 - [MESSAGE][PASSED] - Object: 'Object Repository/Dutchie/Dispensary page/DutchieLogo' is clicked on

2019-11-01 12:10:19 - [TEST_STEP][NOT_RUN] - waitForPageLoad(2): NOT_RUN: waitForPageLoad(2)

2019-11-01 12:10:19 - [MESSAGE][NOT_RUN] - NOT_RUN: waitForPageLoad(2)

2019-11-01 12:10:19 - [TEST_STEP][NOT_RUN] - click(findTestObject("Dutchie/Dispensary page/DutchieLogo")): NOT_RUN: click(findTestObject("Dutchie/Dispensary page/DutchieLogo"))

2019-11-01 12:10:19 - [MESSAGE][NOT_RUN] - NOT_RUN: click(findTestObject("Dutchie/Dispensary page/DutchieLogo"))]]></system-out>
         <system-err><![CDATA[]]></system-err>
      </testcase>
      <testcase name="Test Cases/Dutchie/Open Oregrown from the search results" time="3.945" classname="Test Cases/Dutchie/Open Oregrown from the search results" status="PASSED">
         <system-out><![CDATA[2019-11-01 12:10:19 - [TEST_CASE][PASSED] - Test Cases/Dutchie/Open Oregrown from the search results: Test Cases/Dutchie/Open Oregrown from the search results

2019-11-01 12:10:20 - [TEST_STEP][NOT_RUN] - callTestCase(findTestCase("Dutchie/Open Dutchie homepage"), [:], STOP_ON_FAILURE): NOT_RUN: callTestCase(findTestCase("Dutchie/Open Dutchie homepage"), [:], STOP_ON_FAILURE)

2019-11-01 12:10:20 - [MESSAGE][NOT_RUN] - NOT_RUN: callTestCase(findTestCase("Dutchie/Open Dutchie homepage"), [:], STOP_ON_FAILURE)

2019-11-01 12:10:20 - [TEST_STEP][PASSED] - sendKeys(findTestObject("Dutchie/Homepage/searchBar"), "Bend OR"): Keys 'Bend OR' sent to object: 'Object Repository/Dutchie/Homepage/searchBar'

2019-11-01 12:10:20 - [MESSAGE][PASSED] - Keys 'Bend OR' sent to object: 'Object Repository/Dutchie/Homepage/searchBar'

2019-11-01 12:10:20 - [TEST_STEP][PASSED] - scrollToElement(findTestObject("Dutchie/Homepage/FirstDispensaryInDropDown"), 2): Scroll to object 'Object Repository/Dutchie/Homepage/FirstDispensaryInDropDown' successfully

2019-11-01 12:10:21 - [MESSAGE][PASSED] - Scroll to object 'Object Repository/Dutchie/Homepage/FirstDispensaryInDropDown' successfully

2019-11-01 12:10:21 - [TEST_STEP][PASSED] - click(findTestObject("Dutchie/Homepage/FirstDispensaryInDropDown")): Object: 'Object Repository/Dutchie/Homepage/FirstDispensaryInDropDown' is clicked on

2019-11-01 12:10:21 - [MESSAGE][PASSED] - Object: 'Object Repository/Dutchie/Homepage/FirstDispensaryInDropDown' is clicked on

2019-11-01 12:10:21 - [TEST_STEP][PASSED] - waitForPageLoad(2): Wait for page load successfully

2019-11-01 12:10:21 - [MESSAGE][PASSED] - Wait for page load successfully

2019-11-01 12:10:21 - [TEST_STEP][PASSED] - click(findTestObject("Dutchie/Search results/Oregrown")): Object: 'Object Repository/Dutchie/Search results/Oregrown' is clicked on

2019-11-01 12:10:23 - [MESSAGE][PASSED] - Object: 'Object Repository/Dutchie/Search results/Oregrown' is clicked on

2019-11-01 12:10:23 - [TEST_STEP][PASSED] - waitForPageLoad(2): Wait for page load successfully

2019-11-01 12:10:23 - [MESSAGE][PASSED] - Wait for page load successfully]]></system-out>
         <system-err><![CDATA[]]></system-err>
      </testcase>
      <testcase name="Test Cases/Dutchie/Change weight of item before adding it to the cart" time="19.774" classname="Test Cases/Dutchie/Change weight of item before adding it to the cart" status="PASSED">
         <system-out><![CDATA[2019-11-01 12:10:23 - [TEST_CASE][PASSED] - Test Cases/Dutchie/Change weight of item before adding it to the cart: Test Cases/Dutchie/Change weight of item before adding it to the cart

2019-11-01 12:10:24 - [TEST_STEP][NOT_RUN] - callTestCase(findTestCase("Dutchie/Open Oregrown from the search results"), [:], STOP_ON_FAILURE): NOT_RUN: callTestCase(findTestCase("Dutchie/Open Oregrown from the search results"), [:], STOP_ON_FAILURE)

2019-11-01 12:10:24 - [MESSAGE][NOT_RUN] - NOT_RUN: callTestCase(findTestCase("Dutchie/Open Oregrown from the search results"), [:], STOP_ON_FAILURE)

2019-11-01 12:10:24 - [TEST_STEP][PASSED] - click(findTestObject("Dutchie/Dispensary page/AnimalMintsEvansCreek")): Object: 'Object Repository/Dutchie/Dispensary page/AnimalMintsEvansCreek' is clicked on

2019-11-01 12:10:27 - [MESSAGE][PASSED] - Object: 'Object Repository/Dutchie/Dispensary page/AnimalMintsEvansCreek' is clicked on

2019-11-01 12:10:27 - [TEST_STEP][PASSED] - switchToDefaultContent(): null

2019-11-01 12:10:27 - [TEST_STEP][PASSED] - click(findTestObject("Dutchie/Product modal/Weight")): Object: 'Object Repository/Dutchie/Product modal/Weight' is clicked on

2019-11-01 12:10:28 - [MESSAGE][PASSED] - Object: 'Object Repository/Dutchie/Product modal/Weight' is clicked on

2019-11-01 12:10:28 - [TEST_STEP][PASSED] - delay(2, STOP_ON_FAILURE): Delayed 2 second(s)

2019-11-01 12:10:30 - [MESSAGE][PASSED] - Delayed 2 second(s)

2019-11-01 12:10:30 - [TEST_STEP][PASSED] - scrollToElement(findTestObject("Dutchie/Product modal/WeightOneOunce"), 2): Scroll to object 'Object Repository/Dutchie/Product modal/WeightOneOunce' successfully

2019-11-01 12:10:30 - [MESSAGE][PASSED] - Scroll to object 'Object Repository/Dutchie/Product modal/WeightOneOunce' successfully

2019-11-01 12:10:30 - [TEST_STEP][PASSED] - click(findTestObject("Dutchie/Product modal/WeightOneOunce")): Object: 'Object Repository/Dutchie/Product modal/WeightOneOunce' is clicked on

2019-11-01 12:10:31 - [MESSAGE][PASSED] - Object: 'Object Repository/Dutchie/Product modal/WeightOneOunce' is clicked on

2019-11-01 12:10:31 - [TEST_STEP][PASSED] - click(findTestObject("Dutchie/Product modal/AddToCart_xpath")): Object: 'Object Repository/Dutchie/Product modal/AddToCart_xpath' is clicked on

2019-11-01 12:10:32 - [MESSAGE][PASSED] - Object: 'Object Repository/Dutchie/Product modal/AddToCart_xpath' is clicked on

2019-11-01 12:10:32 - [TEST_STEP][PASSED] - switchToDefaultContent(): null

2019-11-01 12:10:32 - [TEST_STEP][PASSED] - click(findTestObject("Dutchie/Delivery-pickup modal/Pickup")): Object: 'Object Repository/Dutchie/Delivery-pickup modal/Pickup' is clicked on

2019-11-01 12:10:32 - [MESSAGE][PASSED] - Object: 'Object Repository/Dutchie/Delivery-pickup modal/Pickup' is clicked on

2019-11-01 12:10:32 - [TEST_STEP][PASSED] - waitForPageLoad(2): Wait for page load successfully

2019-11-01 12:10:32 - [MESSAGE][PASSED] - Wait for page load successfully

2019-11-01 12:10:32 - [TEST_STEP][PASSED] - verifyTextPresent("Qty: 1 - $167.50", false): Text 'Qty: 1 - $167.50' is present on page 

2019-11-01 12:10:34 - [MESSAGE][PASSED] - Text 'Qty: 1 - $167.50' is present on page 

2019-11-01 12:10:34 - [TEST_STEP][PASSED] - callTestCase(findTestCase("Dutchie/Remove item from basket"), [:], STOP_ON_FAILURE): Call Test Case 'Test Cases/Dutchie/Remove item from basket' successfully

2019-11-01 12:10:34 - [TEST_CASE][PASSED] - Test Cases/Dutchie/Remove item from basket: Test Cases/Dutchie/Remove item from basket

2019-11-01 12:10:34 - [TEST_STEP][NOT_RUN] - callTestCase(findTestCase("Dutchie/Change weight of item before adding it to the cart"), [:], STOP_ON_FAILURE): NOT_RUN: callTestCase(findTestCase("Dutchie/Change weight of item before adding it to the cart"), [:], STOP_ON_FAILURE)

2019-11-01 12:10:34 - [MESSAGE][NOT_RUN] - NOT_RUN: callTestCase(findTestCase("Dutchie/Change weight of item before adding it to the cart"), [:], STOP_ON_FAILURE)

2019-11-01 12:10:34 - [TEST_STEP][PASSED] - click(findTestObject("Dutchie/Dispensary page/BasketContent")): Object: 'Object Repository/Dutchie/Dispensary page/BasketContent' is clicked on

2019-11-01 12:10:35 - [MESSAGE][PASSED] - Object: 'Object Repository/Dutchie/Dispensary page/BasketContent' is clicked on

2019-11-01 12:10:35 - [TEST_STEP][PASSED] - delay(2): Delayed 2 second(s)

2019-11-01 12:10:37 - [MESSAGE][PASSED] - Delayed 2 second(s)

2019-11-01 12:10:37 - [TEST_STEP][PASSED] - click(findTestObject("Dutchie/Shopping cart modal/RemoveIcon")): Object: 'Object Repository/Dutchie/Shopping cart modal/RemoveIcon' is clicked on

2019-11-01 12:10:37 - [MESSAGE][PASSED] - Object: 'Object Repository/Dutchie/Shopping cart modal/RemoveIcon' is clicked on

2019-11-01 12:10:37 - [TEST_STEP][PASSED] - verifyTextPresent("Your cart is empty", false): Text 'Your cart is empty' is present on page 

2019-11-01 12:10:39 - [MESSAGE][PASSED] - Text 'Your cart is empty' is present on page 

2019-11-01 12:10:39 - [TEST_STEP][PASSED] - click(findTestObject("Dutchie/Shopping cart modal/Close")): Object: 'Object Repository/Dutchie/Shopping cart modal/Close' is clicked on

2019-11-01 12:10:39 - [MESSAGE][PASSED] - Object: 'Object Repository/Dutchie/Shopping cart modal/Close' is clicked on

2019-11-01 12:10:39 - [TEST_STEP][PASSED] - delay(2): Delayed 2 second(s)

2019-11-01 12:10:41 - [MESSAGE][PASSED] - Delayed 2 second(s)

2019-11-01 12:10:41 - [TEST_STEP][PASSED] - verifyElementText(findTestObject("Dutchie/Dispensary page/EmptyCart"), "0"): Actual text and expected text of test object 'Object Repository/Dutchie/Dispensary page/EmptyCart' are matched.

2019-11-01 12:10:42 - [MESSAGE][PASSED] - Actual text and expected text of test object 'Object Repository/Dutchie/Dispensary page/EmptyCart' are matched.

2019-11-01 12:10:42 - [TEST_STEP][PASSED] - click(findTestObject("Dutchie/Dispensary page/DutchieLogo")): Object: 'Object Repository/Dutchie/Dispensary page/DutchieLogo' is clicked on

2019-11-01 12:10:43 - [MESSAGE][PASSED] - Object: 'Object Repository/Dutchie/Dispensary page/DutchieLogo' is clicked on

2019-11-01 12:10:43 - [TEST_STEP][NOT_RUN] - waitForPageLoad(2): NOT_RUN: waitForPageLoad(2)

2019-11-01 12:10:43 - [MESSAGE][NOT_RUN] - NOT_RUN: waitForPageLoad(2)

2019-11-01 12:10:43 - [TEST_STEP][NOT_RUN] - click(findTestObject("Dutchie/Dispensary page/DutchieLogo")): NOT_RUN: click(findTestObject("Dutchie/Dispensary page/DutchieLogo"))

2019-11-01 12:10:43 - [MESSAGE][NOT_RUN] - NOT_RUN: click(findTestObject("Dutchie/Dispensary page/DutchieLogo"))

2019-11-01 12:10:43 - [MESSAGE][PASSED] - Call Test Case 'Test Cases/Dutchie/Remove item from basket' successfully

2019-11-01 12:10:43 - [TEST_STEP][PASSED] - click(findTestObject("Dutchie/Dispensary page/DutchieLogo")): Object: 'Object Repository/Dutchie/Dispensary page/DutchieLogo' is clicked on

2019-11-01 12:10:43 - [MESSAGE][PASSED] - Object: 'Object Repository/Dutchie/Dispensary page/DutchieLogo' is clicked on]]></system-out>
         <system-err><![CDATA[]]></system-err>
      </testcase>
      <testcase name="Test Cases/Dutchie/Navigate to BloomingDeals from the homepage" time="0.809" classname="Test Cases/Dutchie/Navigate to BloomingDeals from the homepage" status="PASSED">
         <system-out><![CDATA[2019-11-01 12:10:43 - [TEST_CASE][PASSED] - Test Cases/Dutchie/Navigate to BloomingDeals from the homepage: Test Cases/Dutchie/Navigate to BloomingDeals from the homepage

2019-11-01 12:10:43 - [TEST_STEP][PASSED] - click(findTestObject("Dutchie/Homepage/BloomingDealsLink")): Object: 'Object Repository/Dutchie/Homepage/BloomingDealsLink' is clicked on

2019-11-01 12:10:44 - [MESSAGE][PASSED] - Object: 'Object Repository/Dutchie/Homepage/BloomingDealsLink' is clicked on]]></system-out>
         <system-err><![CDATA[]]></system-err>
      </testcase>
      <testcase name="Test Cases/Dutchie/Add multiple items to the basket" time="25.085" classname="Test Cases/Dutchie/Add multiple items to the basket" status="PASSED">
         <system-out><![CDATA[2019-11-01 12:10:44 - [TEST_CASE][PASSED] - Test Cases/Dutchie/Add multiple items to the basket: Test Cases/Dutchie/Add multiple items to the basket

2019-11-01 12:10:44 - [TEST_STEP][NOT_RUN] - callTestCase(findTestCase("Dutchie/Open Blooming Deals dispensary"), [:], STOP_ON_FAILURE): NOT_RUN: callTestCase(findTestCase("Dutchie/Open Blooming Deals dispensary"), [:], STOP_ON_FAILURE)

2019-11-01 12:10:44 - [MESSAGE][NOT_RUN] - NOT_RUN: callTestCase(findTestCase("Dutchie/Open Blooming Deals dispensary"), [:], STOP_ON_FAILURE)

2019-11-01 12:10:44 - [TEST_STEP][PASSED] - click(findTestObject("Dutchie/Dispensary page/CannabisNationItem")): Object: 'Object Repository/Dutchie/Dispensary page/CannabisNationItem' is clicked on

2019-11-01 12:10:46 - [MESSAGE][PASSED] - Object: 'Object Repository/Dutchie/Dispensary page/CannabisNationItem' is clicked on

2019-11-01 12:10:46 - [TEST_STEP][PASSED] - switchToDefaultContent(): null

2019-11-01 12:10:46 - [TEST_STEP][PASSED] - delay(2): Delayed 2 second(s)

2019-11-01 12:10:48 - [MESSAGE][PASSED] - Delayed 2 second(s)

2019-11-01 12:10:48 - [TEST_STEP][PASSED] - click(findTestObject("Dutchie/Product modal/AddToCart_xpath")): Object: 'Object Repository/Dutchie/Product modal/AddToCart_xpath' is clicked on

2019-11-01 12:10:49 - [MESSAGE][PASSED] - Object: 'Object Repository/Dutchie/Product modal/AddToCart_xpath' is clicked on

2019-11-01 12:10:49 - [TEST_STEP][PASSED] - switchToDefaultContent(): null

2019-11-01 12:10:49 - [TEST_STEP][PASSED] - click(findTestObject("Dutchie/Delivery-pickup modal/Pickup")): Object: 'Object Repository/Dutchie/Delivery-pickup modal/Pickup' is clicked on

2019-11-01 12:10:49 - [MESSAGE][PASSED] - Object: 'Object Repository/Dutchie/Delivery-pickup modal/Pickup' is clicked on

2019-11-01 12:10:49 - [TEST_STEP][PASSED] - delay(2, STOP_ON_FAILURE): Delayed 2 second(s)

2019-11-01 12:10:51 - [MESSAGE][PASSED] - Delayed 2 second(s)

2019-11-01 12:10:51 - [TEST_STEP][PASSED] - click(findTestObject("Dutchie/Dispensary page/CannabisNationCherryChem")): Object: 'Object Repository/Dutchie/Dispensary page/CannabisNationCherryChem' is clicked on

2019-11-01 12:10:52 - [MESSAGE][PASSED] - Object: 'Object Repository/Dutchie/Dispensary page/CannabisNationCherryChem' is clicked on

2019-11-01 12:10:52 - [TEST_STEP][PASSED] - switchToDefaultContent(): null

2019-11-01 12:10:52 - [TEST_STEP][PASSED] - delay(2): Delayed 2 second(s)

2019-11-01 12:10:54 - [MESSAGE][PASSED] - Delayed 2 second(s)

2019-11-01 12:10:54 - [TEST_STEP][PASSED] - click(findTestObject("Dutchie/Product modal/AddToCart_xpath")): Object: 'Object Repository/Dutchie/Product modal/AddToCart_xpath' is clicked on

2019-11-01 12:10:54 - [MESSAGE][PASSED] - Object: 'Object Repository/Dutchie/Product modal/AddToCart_xpath' is clicked on

2019-11-01 12:10:54 - [TEST_STEP][PASSED] - delay(2): Delayed 2 second(s)

2019-11-01 12:10:56 - [MESSAGE][PASSED] - Delayed 2 second(s)

2019-11-01 12:10:56 - [TEST_STEP][PASSED] - click(findTestObject("Dutchie/Dispensary page/CannabisNationCherryPieOG")): Object: 'Object Repository/Dutchie/Dispensary page/CannabisNationCherryPieOG' is clicked on

2019-11-01 12:10:57 - [MESSAGE][PASSED] - Object: 'Object Repository/Dutchie/Dispensary page/CannabisNationCherryPieOG' is clicked on

2019-11-01 12:10:57 - [TEST_STEP][PASSED] - switchToDefaultContent(): null

2019-11-01 12:10:57 - [TEST_STEP][PASSED] - delay(2): Delayed 2 second(s)

2019-11-01 12:10:59 - [MESSAGE][PASSED] - Delayed 2 second(s)

2019-11-01 12:10:59 - [TEST_STEP][PASSED] - click(findTestObject("Dutchie/Product modal/AddToCart_xpath")): Object: 'Object Repository/Dutchie/Product modal/AddToCart_xpath' is clicked on

2019-11-01 12:10:59 - [MESSAGE][PASSED] - Object: 'Object Repository/Dutchie/Product modal/AddToCart_xpath' is clicked on

2019-11-01 12:10:59 - [TEST_STEP][PASSED] - click(findTestObject("Dutchie/Dispensary page/BasketContent")): Object: 'Object Repository/Dutchie/Dispensary page/BasketContent' is clicked on

2019-11-01 12:11:00 - [MESSAGE][PASSED] - Object: 'Object Repository/Dutchie/Dispensary page/BasketContent' is clicked on

2019-11-01 12:11:00 - [TEST_STEP][PASSED] - switchToDefaultContent(): null

2019-11-01 12:11:00 - [TEST_STEP][PASSED] - click(findTestObject("Dutchie/Shopping cart modal/ProceedToCheckout")): Object: 'Object Repository/Dutchie/Shopping cart modal/ProceedToCheckout' is clicked on

2019-11-01 12:11:00 - [MESSAGE][PASSED] - Object: 'Object Repository/Dutchie/Shopping cart modal/ProceedToCheckout' is clicked on

2019-11-01 12:11:00 - [TEST_STEP][PASSED] - waitForPageLoad(2): Wait for page load successfully

2019-11-01 12:11:00 - [MESSAGE][PASSED] - Wait for page load successfully

2019-11-01 12:11:00 - [TEST_STEP][PASSED] - verifyMatch("Cannabis Nation | ATF | 1g", "Cannabis Nation | ATF | 1g", false): Actual text 'Cannabis Nation | ATF | 1g' and expected text 'Cannabis Nation | ATF | 1g' are matched 

2019-11-01 12:11:00 - [MESSAGE][PASSED] - Actual text 'Cannabis Nation | ATF | 1g' and expected text 'Cannabis Nation | ATF | 1g' are matched 

2019-11-01 12:11:00 - [TEST_STEP][PASSED] - verifyMatch("Cannabis Nation | Cherry Chem | 1g", "Cannabis Nation | Cherry Chem | 1g", false): Actual text 'Cannabis Nation | Cherry Chem | 1g' and expected text 'Cannabis Nation | Cherry Chem | 1g' are matched 

2019-11-01 12:11:00 - [MESSAGE][PASSED] - Actual text 'Cannabis Nation | Cherry Chem | 1g' and expected text 'Cannabis Nation | Cherry Chem | 1g' are matched 

2019-11-01 12:11:00 - [TEST_STEP][PASSED] - verifyMatch("Cannabis Nation | Cherry Pie OG | 1g", "Cannabis Nation | Cherry Pie OG | 1g", false): Actual text 'Cannabis Nation | Cherry Pie OG | 1g' and expected text 'Cannabis Nation | Cherry Pie OG | 1g' are matched 

2019-11-01 12:11:00 - [MESSAGE][PASSED] - Actual text 'Cannabis Nation | Cherry Pie OG | 1g' and expected text 'Cannabis Nation | Cherry Pie OG | 1g' are matched 

2019-11-01 12:11:00 - [TEST_STEP][PASSED] - sendKeys(findTestObject("Dutchie/Checkout/FirstNameCheckout"), "firstname"): Keys 'firstname' sent to object: 'Object Repository/Dutchie/Checkout/FirstNameCheckout'

2019-11-01 12:11:02 - [MESSAGE][PASSED] - Keys 'firstname' sent to object: 'Object Repository/Dutchie/Checkout/FirstNameCheckout'

2019-11-01 12:11:02 - [TEST_STEP][PASSED] - sendKeys(findTestObject("Dutchie/Checkout/LastNameCheckout"), "lastname"): Keys 'lastname' sent to object: 'Object Repository/Dutchie/Checkout/LastNameCheckout'

2019-11-01 12:11:02 - [MESSAGE][PASSED] - Keys 'lastname' sent to object: 'Object Repository/Dutchie/Checkout/LastNameCheckout'

2019-11-01 12:11:02 - [TEST_STEP][PASSED] - sendKeys(findTestObject("Dutchie/Checkout/PhoneCheckout"), "(201) 677-4567"): Keys '(201) 677-4567' sent to object: 'Object Repository/Dutchie/Checkout/PhoneCheckout'

2019-11-01 12:11:03 - [MESSAGE][PASSED] - Keys '(201) 677-4567' sent to object: 'Object Repository/Dutchie/Checkout/PhoneCheckout'

2019-11-01 12:11:03 - [TEST_STEP][PASSED] - sendKeys(findTestObject("Dutchie/Checkout/BirthdateCheckout"), "05/25/1974"): Keys '05/25/1974' sent to object: 'Object Repository/Dutchie/Checkout/BirthdateCheckout'

2019-11-01 12:11:04 - [MESSAGE][PASSED] - Keys '05/25/1974' sent to object: 'Object Repository/Dutchie/Checkout/BirthdateCheckout'

2019-11-01 12:11:04 - [TEST_STEP][PASSED] - click(findTestObject("Dutchie/Checkout/PlaceOrder")): Object: 'Object Repository/Dutchie/Checkout/PlaceOrder' is clicked on

2019-11-01 12:11:04 - [MESSAGE][PASSED] - Object: 'Object Repository/Dutchie/Checkout/PlaceOrder' is clicked on

2019-11-01 12:11:04 - [TEST_STEP][PASSED] - switchToDefaultContent(): null

2019-11-01 12:11:04 - [TEST_STEP][PASSED] - click(findTestObject("Dutchie/Post-checkout modal/NoThanks")): Object: 'Object Repository/Dutchie/Post-checkout modal/NoThanks' is clicked on

2019-11-01 12:11:07 - [MESSAGE][PASSED] - Object: 'Object Repository/Dutchie/Post-checkout modal/NoThanks' is clicked on

2019-11-01 12:11:07 - [TEST_STEP][PASSED] - click(findTestObject("Dutchie/Dispensary page/DutchieLogo")): Object: 'Object Repository/Dutchie/Dispensary page/DutchieLogo' is clicked on

2019-11-01 12:11:07 - [MESSAGE][PASSED] - Object: 'Object Repository/Dutchie/Dispensary page/DutchieLogo' is clicked on

2019-11-01 12:11:07 - [TEST_STEP][PASSED] - waitForPageLoad(2): Wait for page load successfully

2019-11-01 12:11:08 - [MESSAGE][PASSED] - Wait for page load successfully

2019-11-01 12:11:08 - [TEST_STEP][PASSED] - click(findTestObject("Dutchie/Dispensary page/DutchieLogo")): Object: 'Object Repository/Dutchie/Dispensary page/DutchieLogo' is clicked on

2019-11-01 12:11:08 - [MESSAGE][PASSED] - Object: 'Object Repository/Dutchie/Dispensary page/DutchieLogo' is clicked on

2019-11-01 12:11:08 - [TEST_STEP][PASSED] - click(findTestObject("Dutchie/Homepage/BloomingDealsLink")): Object: 'Object Repository/Dutchie/Homepage/BloomingDealsLink' is clicked on

2019-11-01 12:11:09 - [MESSAGE][PASSED] - Object: 'Object Repository/Dutchie/Homepage/BloomingDealsLink' is clicked on]]></system-out>
         <system-err><![CDATA[]]></system-err>
      </testcase>
      <testcase name="Test Cases/Dutchie/Place order when user is under 21 years" time="16.9" classname="Test Cases/Dutchie/Place order when user is under 21 years" status="PASSED">
         <system-out><![CDATA[2019-11-01 12:11:09 - [TEST_CASE][PASSED] - Test Cases/Dutchie/Place order when user is under 21 years: Test Cases/Dutchie/Place order when user is under 21 years

2019-11-01 12:11:09 - [TEST_STEP][NOT_RUN] - callTestCase(findTestCase("Dutchie/Open Blooming Deals dispensary"), [:], STOP_ON_FAILURE): NOT_RUN: callTestCase(findTestCase("Dutchie/Open Blooming Deals dispensary"), [:], STOP_ON_FAILURE)

2019-11-01 12:11:09 - [MESSAGE][NOT_RUN] - NOT_RUN: callTestCase(findTestCase("Dutchie/Open Blooming Deals dispensary"), [:], STOP_ON_FAILURE)

2019-11-01 12:11:09 - [TEST_STEP][PASSED] - click(findTestObject("Dutchie/Dispensary page/CannabisNationItem")): Object: 'Object Repository/Dutchie/Dispensary page/CannabisNationItem' is clicked on

2019-11-01 12:11:11 - [MESSAGE][PASSED] - Object: 'Object Repository/Dutchie/Dispensary page/CannabisNationItem' is clicked on

2019-11-01 12:11:11 - [TEST_STEP][PASSED] - switchToDefaultContent(): null

2019-11-01 12:11:11 - [TEST_STEP][PASSED] - delay(2): Delayed 2 second(s)

2019-11-01 12:11:13 - [MESSAGE][PASSED] - Delayed 2 second(s)

2019-11-01 12:11:13 - [TEST_STEP][PASSED] - click(findTestObject("Dutchie/Product modal/AddToCart_xpath")): Object: 'Object Repository/Dutchie/Product modal/AddToCart_xpath' is clicked on

2019-11-01 12:11:13 - [MESSAGE][PASSED] - Object: 'Object Repository/Dutchie/Product modal/AddToCart_xpath' is clicked on

2019-11-01 12:11:13 - [TEST_STEP][PASSED] - switchToDefaultContent(): null

2019-11-01 12:11:13 - [TEST_STEP][PASSED] - click(findTestObject("Dutchie/Delivery-pickup modal/Pickup")): Object: 'Object Repository/Dutchie/Delivery-pickup modal/Pickup' is clicked on

2019-11-01 12:11:14 - [MESSAGE][PASSED] - Object: 'Object Repository/Dutchie/Delivery-pickup modal/Pickup' is clicked on

2019-11-01 12:11:14 - [TEST_STEP][PASSED] - delay(2): Delayed 2 second(s)

2019-11-01 12:11:16 - [MESSAGE][PASSED] - Delayed 2 second(s)

2019-11-01 12:11:16 - [TEST_STEP][PASSED] - click(findTestObject("Dutchie/Dispensary page/BasketContent")): Object: 'Object Repository/Dutchie/Dispensary page/BasketContent' is clicked on

2019-11-01 12:11:16 - [MESSAGE][PASSED] - Object: 'Object Repository/Dutchie/Dispensary page/BasketContent' is clicked on

2019-11-01 12:11:16 - [TEST_STEP][PASSED] - click(findTestObject("Dutchie/Shopping cart modal/ProceedToCheckout")): Object: 'Object Repository/Dutchie/Shopping cart modal/ProceedToCheckout' is clicked on

2019-11-01 12:11:17 - [MESSAGE][PASSED] - Object: 'Object Repository/Dutchie/Shopping cart modal/ProceedToCheckout' is clicked on

2019-11-01 12:11:17 - [TEST_STEP][PASSED] - delay(2): Delayed 2 second(s)

2019-11-01 12:11:19 - [MESSAGE][PASSED] - Delayed 2 second(s)

2019-11-01 12:11:19 - [TEST_STEP][PASSED] - sendKeys(findTestObject("Dutchie/Checkout/FirstNameCheckout"), "firstname"): Keys 'firstname' sent to object: 'Object Repository/Dutchie/Checkout/FirstNameCheckout'

2019-11-01 12:11:19 - [MESSAGE][PASSED] - Keys 'firstname' sent to object: 'Object Repository/Dutchie/Checkout/FirstNameCheckout'

2019-11-01 12:11:19 - [TEST_STEP][PASSED] - sendKeys(findTestObject("Dutchie/Checkout/LastNameCheckout"), "lastname"): Keys 'lastname' sent to object: 'Object Repository/Dutchie/Checkout/LastNameCheckout'

2019-11-01 12:11:20 - [MESSAGE][PASSED] - Keys 'lastname' sent to object: 'Object Repository/Dutchie/Checkout/LastNameCheckout'

2019-11-01 12:11:20 - [TEST_STEP][PASSED] - sendKeys(findTestObject("Dutchie/Checkout/PhoneCheckout"), "(804) 677-3648"): Keys '(804) 677-3648' sent to object: 'Object Repository/Dutchie/Checkout/PhoneCheckout'

2019-11-01 12:11:20 - [MESSAGE][PASSED] - Keys '(804) 677-3648' sent to object: 'Object Repository/Dutchie/Checkout/PhoneCheckout'

2019-11-01 12:11:20 - [TEST_STEP][PASSED] - sendKeys(findTestObject("Dutchie/Checkout/BirthdateCheckout"), "10/02/2003"): Keys '10/02/2003' sent to object: 'Object Repository/Dutchie/Checkout/BirthdateCheckout'

2019-11-01 12:11:21 - [MESSAGE][PASSED] - Keys '10/02/2003' sent to object: 'Object Repository/Dutchie/Checkout/BirthdateCheckout'

2019-11-01 12:11:21 - [TEST_STEP][PASSED] - click(findTestObject("Dutchie/Checkout/PlaceOrder")): Object: 'Object Repository/Dutchie/Checkout/PlaceOrder' is clicked on

2019-11-01 12:11:21 - [MESSAGE][PASSED] - Object: 'Object Repository/Dutchie/Checkout/PlaceOrder' is clicked on

2019-11-01 12:11:21 - [TEST_STEP][PASSED] - verifyMatch("You must be at least 21 to order.", "You must be at least 21 to order.", false): Actual text 'You must be at least 21 to order.' and expected text 'You must be at least 21 to order.' are matched 

2019-11-01 12:11:21 - [MESSAGE][PASSED] - Actual text 'You must be at least 21 to order.' and expected text 'You must be at least 21 to order.' are matched 

2019-11-01 12:11:21 - [TEST_STEP][PASSED] - click(findTestObject("Dutchie/Checkout/RemoveItemOnCheckoutPage")): Object: 'Object Repository/Dutchie/Checkout/RemoveItemOnCheckoutPage' is clicked on

2019-11-01 12:11:22 - [MESSAGE][PASSED] - Object: 'Object Repository/Dutchie/Checkout/RemoveItemOnCheckoutPage' is clicked on

2019-11-01 12:11:22 - [TEST_STEP][PASSED] - switchToDefaultContent(): null

2019-11-01 12:11:22 - [TEST_STEP][PASSED] - delay(2): Delayed 2 second(s)

2019-11-01 12:11:24 - [MESSAGE][PASSED] - Delayed 2 second(s)

2019-11-01 12:11:24 - [TEST_STEP][PASSED] - verifyMatch("There are no more items in your cart", "There are no more items in your cart", false): Actual text 'There are no more items in your cart' and expected text 'There are no more items in your cart' are matched 

2019-11-01 12:11:24 - [MESSAGE][PASSED] - Actual text 'There are no more items in your cart' and expected text 'There are no more items in your cart' are matched 

2019-11-01 12:11:24 - [TEST_STEP][PASSED] - click(findTestObject("Dutchie/Post-checkout modal/KeepShopping")): Object: 'Object Repository/Dutchie/Post-checkout modal/KeepShopping' is clicked on

2019-11-01 12:11:25 - [MESSAGE][PASSED] - Object: 'Object Repository/Dutchie/Post-checkout modal/KeepShopping' is clicked on

2019-11-01 12:11:25 - [TEST_STEP][PASSED] - click(findTestObject("Dutchie/Dispensary page/DutchieLogo")): Object: 'Object Repository/Dutchie/Dispensary page/DutchieLogo' is clicked on

2019-11-01 12:11:26 - [MESSAGE][PASSED] - Object: 'Object Repository/Dutchie/Dispensary page/DutchieLogo' is clicked on]]></system-out>
         <system-err><![CDATA[]]></system-err>
      </testcase>
      <system-out><![CDATA[2019-11-01 12:09:43 - [TEST_SUITE][PASSED] - Manipulation of quantity, weight, number of items and items: Test Cases/Dutchie/Place order when user is under 21 years]]></system-out>
      <system-err><![CDATA[]]></system-err>
   </testsuite>
</testsuites>
