<?xml version="1.0" encoding="UTF-8"?>
<testsuites name="Logged in user (login, placing order)" time="41.774" tests="2" failures="0" errors="0">
   <testsuite name="Logged in user (login, placing order)" tests="2" failures="0" errors="0" time="41.774" timestamp="2019-11-01 14:43:09" hostname="Bojana-PC - BOJANA" id="Test Suites/Logged in user (login, placing order)">
      <properties>
         <property name="deviceName" value=""/>
         <property name="devicePlatform" value=""/>
         <property name="logFolder" value="C:\\Users\\Bojana-PC\\git\\Katalon_studio\\Reports\\20191101_144301\\Logged in user (login, placing order)\\20191101_144301"/>
         <property name="logFiles" value="C:\\Users\\Bojana-PC\\git\\Katalon_studio\\Reports\\20191101_144301\\Logged in user (login, placing order)\\20191101_144301\\execution0.log"/>
         <property name="attachments" value=""/>
         <property name="hostName" value="Bojana-PC - BOJANA"/>
         <property name="os" value="Windows 10 64bit"/>
         <property name="katalonVersion" value="7.0.3.1"/>
         <property name="browser" value="Chrome 78.0.3904.87"/>
         <property name="hostAddress" value="192.168.56.1"/>
         <property name="sessionId" value="09ffcb5ae953406c04944356710d0f23"/>
         <property name="seleniumVersion" value="3.141.59"/>
         <property name="proxyInformation" value="ProxyInformation{proxyOption=NO_PROXY, proxyServerType=HTTP, password=, proxyServerAddress=, proxyServerPort=0}"/>
         <property name="platform" value="Windows 10"/>
      </properties>
      <testcase name="Test Cases/Dutchie/Login to Dutchie" time="19.822" classname="Test Cases/Dutchie/Login to Dutchie" status="PASSED">
         <system-out><![CDATA[2019-11-01 14:43:09 - [TEST_CASE][PASSED] - Test Cases/Dutchie/Login to Dutchie: Test Cases/Dutchie/Login to Dutchie

2019-11-01 14:43:10 - [TEST_STEP][PASSED] - callTestCase(findTestCase("Dutchie/Open Dutchie homepage"), [:], STOP_ON_FAILURE): Call Test Case 'Test Cases/Dutchie/Open Dutchie homepage' successfully

2019-11-01 14:43:10 - [TEST_CASE][PASSED] - Test Cases/Dutchie/Open Dutchie homepage: Test Cases/Dutchie/Open Dutchie homepage

2019-11-01 14:43:10 - [TEST_STEP][PASSED] - openBrowser("https://qa.dutchie.dev/home"): Browser is opened with url: 'https://qa.dutchie.dev/home'

2019-11-01 14:43:11 - [MESSAGE][INFO] - Starting 'Chrome' driver

2019-11-01 14:43:11 - [MESSAGE][INFO] - Action delay is set to 0 seconds

2019-11-01 14:43:20 - [MESSAGE][PASSED] - Browser is opened with url: 'https://qa.dutchie.dev/home'

2019-11-01 14:43:20 - [TEST_STEP][PASSED] - maximizeWindow(): Current window maximized

2019-11-01 14:43:25 - [MESSAGE][PASSED] - Current window maximized

2019-11-01 14:43:25 - [TEST_STEP][NOT_RUN] - verifyElementPresent(findTestObject("Dutchie/Homepage/searchBar"), 10): NOT_RUN: verifyElementPresent(findTestObject("Dutchie/Homepage/searchBar"), 10)

2019-11-01 14:43:25 - [MESSAGE][NOT_RUN] - NOT_RUN: verifyElementPresent(findTestObject("Dutchie/Homepage/searchBar"), 10)

2019-11-01 14:43:25 - [TEST_STEP][NOT_RUN] - closeBrowser(): NOT_RUN: closeBrowser()

2019-11-01 14:43:25 - [MESSAGE][NOT_RUN] - NOT_RUN: closeBrowser()

2019-11-01 14:43:25 - [MESSAGE][PASSED] - Call Test Case 'Test Cases/Dutchie/Open Dutchie homepage' successfully

2019-11-01 14:43:25 - [TEST_STEP][PASSED] - click(findTestObject("Dutchie/Login/LoginLink")): Object: 'Object Repository/Dutchie/Login/LoginLink' is clicked on

2019-11-01 14:43:25 - [MESSAGE][PASSED] - Object: 'Object Repository/Dutchie/Login/LoginLink' is clicked on

2019-11-01 14:43:25 - [TEST_STEP][PASSED] - switchToDefaultContent(): null

2019-11-01 14:43:26 - [TEST_STEP][PASSED] - sendKeys(findTestObject("Dutchie/Login/Email"), "qtester97+1101bl@gmail.com"): Keys 'qtester97+1101bl@gmail.com' sent to object: 'Object Repository/Dutchie/Login/Email'

2019-11-01 14:43:26 - [MESSAGE][PASSED] - Keys 'qtester97+1101bl@gmail.com' sent to object: 'Object Repository/Dutchie/Login/Email'

2019-11-01 14:43:26 - [TEST_STEP][PASSED] - sendKeys(findTestObject("Dutchie/Login/Password"), "validPassword"): Keys 'validPassword' sent to object: 'Object Repository/Dutchie/Login/Password'

2019-11-01 14:43:27 - [MESSAGE][PASSED] - Keys 'validPassword' sent to object: 'Object Repository/Dutchie/Login/Password'

2019-11-01 14:43:27 - [TEST_STEP][PASSED] - click(findTestObject("Dutchie/Login/LoginButton")): Object: 'Object Repository/Dutchie/Login/LoginButton' is clicked on

2019-11-01 14:43:27 - [MESSAGE][PASSED] - Object: 'Object Repository/Dutchie/Login/LoginButton' is clicked on

2019-11-01 14:43:27 - [TEST_STEP][PASSED] - verifyElementText(findTestObject("Dutchie/Homepage/LinkForAccount"), "Hi Dave"): Actual text and expected text of test object 'Object Repository/Dutchie/Homepage/LinkForAccount' are matched.

2019-11-01 14:43:29 - [MESSAGE][PASSED] - Actual text and expected text of test object 'Object Repository/Dutchie/Homepage/LinkForAccount' are matched.]]></system-out>
         <system-err><![CDATA[]]></system-err>
      </testcase>
      <testcase name="Test Cases/Dutchie/Place order for logged in user" time="20.77" classname="Test Cases/Dutchie/Place order for logged in user" status="PASSED">
         <system-out><![CDATA[2019-11-01 14:43:29 - [TEST_CASE][PASSED] - Test Cases/Dutchie/Place order for logged in user: Test Cases/Dutchie/Place order for logged in user

2019-11-01 14:43:29 - [TEST_STEP][NOT_RUN] - callTestCase(findTestCase("Dutchie/Login to Dutchie"), [:], STOP_ON_FAILURE): NOT_RUN: callTestCase(findTestCase("Dutchie/Login to Dutchie"), [:], STOP_ON_FAILURE)

2019-11-01 14:43:29 - [MESSAGE][NOT_RUN] - NOT_RUN: callTestCase(findTestCase("Dutchie/Login to Dutchie"), [:], STOP_ON_FAILURE)

2019-11-01 14:43:29 - [TEST_STEP][PASSED] - click(findTestObject("Dutchie/Homepage/AmazonOrganics")): Object: 'Object Repository/Dutchie/Homepage/AmazonOrganics' is clicked on

2019-11-01 14:43:30 - [MESSAGE][PASSED] - Object: 'Object Repository/Dutchie/Homepage/AmazonOrganics' is clicked on

2019-11-01 14:43:30 - [TEST_STEP][PASSED] - click(findTestObject("Dutchie/Dispensary page/BERNIE_MAC_WICKED_KIND")): Object: 'Object Repository/Dutchie/Dispensary page/BERNIE_MAC_WICKED_KIND' is clicked on

2019-11-01 14:43:35 - [MESSAGE][PASSED] - Object: 'Object Repository/Dutchie/Dispensary page/BERNIE_MAC_WICKED_KIND' is clicked on

2019-11-01 14:43:35 - [TEST_STEP][PASSED] - switchToDefaultContent(): null

2019-11-01 14:43:35 - [TEST_STEP][PASSED] - delay(2): Delayed 2 second(s)

2019-11-01 14:43:37 - [MESSAGE][PASSED] - Delayed 2 second(s)

2019-11-01 14:43:37 - [TEST_STEP][PASSED] - click(findTestObject("Dutchie/Product modal/AddToCart_xpath")): Object: 'Object Repository/Dutchie/Product modal/AddToCart_xpath' is clicked on

2019-11-01 14:43:38 - [MESSAGE][PASSED] - Object: 'Object Repository/Dutchie/Product modal/AddToCart_xpath' is clicked on

2019-11-01 14:43:38 - [TEST_STEP][PASSED] - switchToDefaultContent(): null

2019-11-01 14:43:38 - [TEST_STEP][PASSED] - click(findTestObject("Dutchie/Delivery-pickup modal/Pickup")): Object: 'Object Repository/Dutchie/Delivery-pickup modal/Pickup' is clicked on

2019-11-01 14:43:38 - [MESSAGE][PASSED] - Object: 'Object Repository/Dutchie/Delivery-pickup modal/Pickup' is clicked on

2019-11-01 14:43:38 - [TEST_STEP][PASSED] - click(findTestObject("Dutchie/Dispensary page/CB_DIESEL_WISELY_ORGANICS")): Object: 'Object Repository/Dutchie/Dispensary page/CB_DIESEL_WISELY_ORGANICS' is clicked on

2019-11-01 14:43:39 - [MESSAGE][PASSED] - Object: 'Object Repository/Dutchie/Dispensary page/CB_DIESEL_WISELY_ORGANICS' is clicked on

2019-11-01 14:43:39 - [TEST_STEP][PASSED] - switchToDefaultContent(): null

2019-11-01 14:43:39 - [TEST_STEP][PASSED] - delay(2): Delayed 2 second(s)

2019-11-01 14:43:41 - [MESSAGE][PASSED] - Delayed 2 second(s)

2019-11-01 14:43:41 - [TEST_STEP][PASSED] - click(findTestObject("Dutchie/Product modal/AddToCart_xpath")): Object: 'Object Repository/Dutchie/Product modal/AddToCart_xpath' is clicked on

2019-11-01 14:43:42 - [MESSAGE][PASSED] - Object: 'Object Repository/Dutchie/Product modal/AddToCart_xpath' is clicked on

2019-11-01 14:43:42 - [TEST_STEP][PASSED] - click(findTestObject("Dutchie/Dispensary page/COOKIE_DAWG_WICKED_KIND")): Object: 'Object Repository/Dutchie/Dispensary page/COOKIE_DAWG_WICKED_KIND' is clicked on

2019-11-01 14:43:43 - [MESSAGE][PASSED] - Object: 'Object Repository/Dutchie/Dispensary page/COOKIE_DAWG_WICKED_KIND' is clicked on

2019-11-01 14:43:43 - [TEST_STEP][PASSED] - switchToDefaultContent(): null

2019-11-01 14:43:43 - [TEST_STEP][PASSED] - delay(2): Delayed 2 second(s)

2019-11-01 14:43:45 - [MESSAGE][PASSED] - Delayed 2 second(s)

2019-11-01 14:43:45 - [TEST_STEP][PASSED] - click(findTestObject("Dutchie/Product modal/AddToCart_xpath")): Object: 'Object Repository/Dutchie/Product modal/AddToCart_xpath' is clicked on

2019-11-01 14:43:45 - [MESSAGE][PASSED] - Object: 'Object Repository/Dutchie/Product modal/AddToCart_xpath' is clicked on

2019-11-01 14:43:45 - [TEST_STEP][PASSED] - click(findTestObject("Dutchie/Dispensary page/BasketContent")): Object: 'Object Repository/Dutchie/Dispensary page/BasketContent' is clicked on

2019-11-01 14:43:46 - [MESSAGE][PASSED] - Object: 'Object Repository/Dutchie/Dispensary page/BasketContent' is clicked on

2019-11-01 14:43:46 - [TEST_STEP][PASSED] - click(findTestObject("Dutchie/Shopping cart modal/ProceedToCheckout")): Object: 'Object Repository/Dutchie/Shopping cart modal/ProceedToCheckout' is clicked on

2019-11-01 14:43:46 - [MESSAGE][PASSED] - Object: 'Object Repository/Dutchie/Shopping cart modal/ProceedToCheckout' is clicked on

2019-11-01 14:43:46 - [TEST_STEP][PASSED] - waitForPageLoad(2): Wait for page load successfully

2019-11-01 14:43:46 - [MESSAGE][PASSED] - Wait for page load successfully

2019-11-01 14:43:46 - [TEST_STEP][PASSED] - click(findTestObject("Dutchie/Checkout/PlaceOrder")): Object: 'Object Repository/Dutchie/Checkout/PlaceOrder' is clicked on

2019-11-01 14:43:48 - [MESSAGE][PASSED] - Object: 'Object Repository/Dutchie/Checkout/PlaceOrder' is clicked on

2019-11-01 14:43:48 - [TEST_STEP][PASSED] - switchToDefaultContent(): null

2019-11-01 14:43:48 - [TEST_STEP][PASSED] - delay(2): Delayed 2 second(s)

2019-11-01 14:43:50 - [MESSAGE][PASSED] - Delayed 2 second(s)

2019-11-01 14:43:50 - [TEST_STEP][PASSED] - verifyMatch("Thank you for your order!", "Thank you for your order!", false): Actual text 'Thank you for your order!' and expected text 'Thank you for your order!' are matched 

2019-11-01 14:43:50 - [MESSAGE][PASSED] - Actual text 'Thank you for your order!' and expected text 'Thank you for your order!' are matched]]></system-out>
         <system-err><![CDATA[]]></system-err>
      </testcase>
      <system-out><![CDATA[2019-11-01 14:43:09 - [TEST_SUITE][PASSED] - Logged in user (login, placing order): Test Cases/Dutchie/Place order for logged in user]]></system-out>
      <system-err><![CDATA[]]></system-err>
   </testsuite>
</testsuites>
